<?xml version="1.0" encoding="UTF-8" ?>
<testsuite failures="0" time="0.005" errors="0" skipped="0" tests="1" name="com.bc.merci.geochildgen.GeoChildGenTest">
  <properties>
    <property name="java.runtime.name" value="Java(TM) SE Runtime Environment"/>
    <property name="sun.boot.library.path" value="/opt/jdk1.6.0_14/jre/lib/i386"/>
    <property name="java.vm.version" value="14.0-b16"/>
    <property name="java.vm.vendor" value="Sun Microsystems Inc."/>
    <property name="java.vendor.url" value="http://java.sun.com/"/>
    <property name="path.separator" value=":"/>
    <property name="java.vm.name" value="Java HotSpot(TM) Server VM"/>
    <property name="file.encoding.pkg" value="sun.io"/>
    <property name="user.country" value="DE"/>
    <property name="sun.java.launcher" value="SUN_STANDARD"/>
    <property name="sun.os.patch.level" value="unknown"/>
    <property name="java.vm.specification.name" value="Java Virtual Machine Specification"/>
    <property name="user.dir" value="/usr/local/projects/eo-child-gen/geo-child-gen"/>
    <property name="java.runtime.version" value="1.6.0_14-b08"/>
    <property name="java.awt.graphicsenv" value="sun.awt.X11GraphicsEnvironment"/>
    <property name="basedir" value="/usr/local/projects/eo-child-gen/geo-child-gen"/>
    <property name="java.endorsed.dirs" value="/opt/jdk1.6.0_14/jre/lib/endorsed"/>
    <property name="os.arch" value="i386"/>
    <property name="surefire.real.class.path" value="/tmp/surefirebooter4159558197128216280.jar"/>
    <property name="java.io.tmpdir" value="/tmp"/>
    <property name="line.separator" value="
"/>
    <property name="java.vm.specification.vendor" value="Sun Microsystems Inc."/>
    <property name="os.name" value="Linux"/>
    <property name="sun.jnu.encoding" value="UTF-8"/>
    <property name="java.library.path" value="/opt/jdk1.6.0_14/jre/lib/i386/server:/opt/jdk1.6.0_14/jre/lib/i386:/opt/jdk1.6.0_14/jre/../lib/i386:/usr/java/packages/lib/i386:/lib:/usr/lib"/>
    <property name="surefire.test.class.path" value="/usr/local/projects/eo-child-gen/geo-child-gen/target/test-classes:/usr/local/projects/eo-child-gen/geo-child-gen/target/classes:/home/tom/.m2/repository/junit/junit/4.4/junit-4.4.jar:/home/tom/.m2/repository/com/bc/eo-data-manag/1.0/eo-data-manag-1.0.jar:/home/tom/.m2/repository/javax/mail/mail/1.4/mail-1.4.jar:/home/tom/.m2/repository/javax/activation/activation/1.1/activation-1.1.jar:/home/tom/.m2/repository/com/bc/bc-commons/1.1.0/bc-commons-1.1.0.jar:/home/tom/.m2/repository/commons-dbcp/commons-dbcp/1.2.2/commons-dbcp-1.2.2.jar:/home/tom/.m2/repository/commons-pool/commons-pool/1.3/commons-pool-1.3.jar:/home/tom/.m2/repository/org/hsqldb/hsqldb/1.8.0.10/hsqldb-1.8.0.10.jar:/home/tom/.m2/repository/org/esa/beam/beam-core/4.7-SNAPSHOT/beam-core-4.7-SNAPSHOT.jar:/home/tom/.m2/repository/com/bc/ceres/ceres-core/0.10-SNAPSHOT/ceres-core-0.10-SNAPSHOT.jar:/home/tom/.m2/repository/com/bc/ceres/ceres-launcher/0.10-SNAPSHOT/ceres-launcher-0.10-SNAPSHOT.jar:/home/tom/.m2/repository/com/thoughtworks/xstream/xstream/1.3/xstream-1.3.jar:/home/tom/.m2/repository/xpp3/xpp3_min/1.1.4c/xpp3_min-1.1.4c.jar:/home/tom/.m2/repository/xpp3/xpp3/1.1.3.3/xpp3-1.1.3.3.jar:/home/tom/.m2/repository/com/bc/ceres/ceres-glayer/0.10-SNAPSHOT/ceres-glayer-0.10-SNAPSHOT.jar:/home/tom/.m2/repository/com/bc/ceres/ceres-binding/0.10-SNAPSHOT/ceres-binding-0.10-SNAPSHOT.jar:/home/tom/.m2/repository/javax/media/jai/jai-core/1.1.3/jai-core-1.1.3.jar:/home/tom/.m2/repository/javax/media/jai/jai-codec/1.1.3/jai-codec-1.1.3.jar:/home/tom/.m2/repository/javax/media/jai/mlibwrapper-jai/1.1.3/mlibwrapper-jai-1.1.3.jar:/home/tom/.m2/repository/com/sun/media/clibwrapper-jiio/1.2-20090918/clibwrapper-jiio-1.2-20090918.jar:/home/tom/.m2/repository/com/bc/ceres/ceres-jai/0.10-SNAPSHOT/ceres-jai-0.10-SNAPSHOT.jar:/home/tom/.m2/repository/jdom/jdom/1.1/jdom-1.1.jar:/home/tom/.m2/repository/rhino/js/1.7R1/js-1.7R1.jar:/home/tom/.m2/repository/com/sun/media/jai-imageio/1.2-20090918/jai-imageio-1.2-20090918.jar:/home/tom/.m2/repository/com/bc/bc-jnn/1.5/bc-jnn-1.5.jar:/home/tom/.m2/repository/Jama/Jama/1.0.2/Jama-1.0.2.jar:/home/tom/.m2/repository/org/geotools/gt-api/2.6.1/gt-api-2.6.1.jar:/home/tom/.m2/repository/com/vividsolutions/jts/1.10/jts-1.10.jar:/home/tom/.m2/repository/org/geotools/gt-referencing/2.6.1/gt-referencing-2.6.1.jar:/home/tom/.m2/repository/java3d/vecmath/1.3.2/vecmath-1.3.2.jar:/home/tom/.m2/repository/org/geotools/gt-metadata/2.6.1/gt-metadata-2.6.1.jar:/home/tom/.m2/repository/org/opengis/geoapi/2.3-M1/geoapi-2.3-M1.jar:/home/tom/.m2/repository/net/java/dev/jsr-275/jsr-275/1.0-beta-2/jsr-275-1.0-beta-2.jar:/home/tom/.m2/repository/org/opengis/geoapi-pending/2.3-M1/geoapi-pending-2.3-M1.jar:/home/tom/.m2/repository/org/geotools/gt-main/2.6.1/gt-main-2.6.1.jar:/home/tom/.m2/repository/commons-beanutils/commons-beanutils/1.7.0/commons-beanutils-1.7.0.jar:/home/tom/.m2/repository/commons-logging/commons-logging/1.0.4/commons-logging-1.0.4.jar:/home/tom/.m2/repository/org/geotools/gt-geotiff/2.6.1/gt-geotiff-2.6.1.jar:/home/tom/.m2/repository/org/geotools/gt-coverage/2.6.1/gt-coverage-2.6.1.jar:/home/tom/.m2/repository/it/geosolutions/imageio-ext/imageio-ext-tiff/1.0.5/imageio-ext-tiff-1.0.5.jar:/home/tom/.m2/repository/it/geosolutions/imageio-ext/imageio-ext-utilities/1.0.5/imageio-ext-utilities-1.0.5.jar:/home/tom/.m2/repository/javax/media/jai_core/1.1.3/jai_core-1.1.3.jar:/home/tom/.m2/repository/javax/media/jai_codec/1.1.3/jai_codec-1.1.3.jar:/home/tom/.m2/repository/javax/media/jai_imageio/1.1/jai_imageio-1.1.jar:/home/tom/.m2/repository/org/geotools/gt-epsg-hsql/2.6.1/gt-epsg-hsql-2.6.1.jar:/home/tom/.m2/repository/hsqldb/hsqldb/1.8.0.7/hsqldb-1.8.0.7.jar:/home/tom/.m2/repository/org/apache/struts/struts-core/1.3.8/struts-core-1.3.8.jar:/home/tom/.m2/repository/antlr/antlr/2.7.2/antlr-2.7.2.jar:/home/tom/.m2/repository/commons-chain/commons-chain/1.1/commons-chain-1.1.jar:/home/tom/.m2/repository/commons-digester/commons-digester/1.8/commons-digester-1.8.jar:/home/tom/.m2/repository/commons-validator/commons-validator/1.3.1/commons-validator-1.3.1.jar:/home/tom/.m2/repository/oro/oro/2.0.8/oro-2.0.8.jar:/home/tom/.m2/repository/javax/servlet/servlet-api/2.5/servlet-api-2.5.jar:/home/tom/.m2/repository/org/esa/beam/beam-ascii-readerwriter/1.1-SNAPSHOT/beam-ascii-readerwriter-1.1-SNAPSHOT.jar:/home/tom/.m2/repository/com/bc/child-gen-N1/1.5.0/child-gen-N1-1.5.0.jar:/home/tom/.m2/repository/mysql/mysql-connector-java/5.1.6/mysql-connector-java-5.1.6.jar:"/>
    <property name="java.specification.name" value="Java Platform API Specification"/>
    <property name="java.class.version" value="50.0"/>
    <property name="sun.management.compiler" value="HotSpot Tiered Compilers"/>
    <property name="os.version" value="2.6.31-19-generic"/>
    <property name="user.home" value="/home/tom"/>
    <property name="user.timezone" value="Europe/Berlin"/>
    <property name="java.awt.printerjob" value="sun.print.PSPrinterJob"/>
    <property name="file.encoding" value="UTF-8"/>
    <property name="java.specification.version" value="1.6"/>
    <property name="user.name" value="tom"/>
    <property name="java.class.path" value="/usr/local/projects/eo-child-gen/geo-child-gen/target/test-classes:/usr/local/projects/eo-child-gen/geo-child-gen/target/classes:/home/tom/.m2/repository/junit/junit/4.4/junit-4.4.jar:/home/tom/.m2/repository/com/bc/eo-data-manag/1.0/eo-data-manag-1.0.jar:/home/tom/.m2/repository/javax/mail/mail/1.4/mail-1.4.jar:/home/tom/.m2/repository/javax/activation/activation/1.1/activation-1.1.jar:/home/tom/.m2/repository/com/bc/bc-commons/1.1.0/bc-commons-1.1.0.jar:/home/tom/.m2/repository/commons-dbcp/commons-dbcp/1.2.2/commons-dbcp-1.2.2.jar:/home/tom/.m2/repository/commons-pool/commons-pool/1.3/commons-pool-1.3.jar:/home/tom/.m2/repository/org/hsqldb/hsqldb/1.8.0.10/hsqldb-1.8.0.10.jar:/home/tom/.m2/repository/org/esa/beam/beam-core/4.7-SNAPSHOT/beam-core-4.7-SNAPSHOT.jar:/home/tom/.m2/repository/com/bc/ceres/ceres-core/0.10-SNAPSHOT/ceres-core-0.10-SNAPSHOT.jar:/home/tom/.m2/repository/com/bc/ceres/ceres-launcher/0.10-SNAPSHOT/ceres-launcher-0.10-SNAPSHOT.jar:/home/tom/.m2/repository/com/thoughtworks/xstream/xstream/1.3/xstream-1.3.jar:/home/tom/.m2/repository/xpp3/xpp3_min/1.1.4c/xpp3_min-1.1.4c.jar:/home/tom/.m2/repository/xpp3/xpp3/1.1.3.3/xpp3-1.1.3.3.jar:/home/tom/.m2/repository/com/bc/ceres/ceres-glayer/0.10-SNAPSHOT/ceres-glayer-0.10-SNAPSHOT.jar:/home/tom/.m2/repository/com/bc/ceres/ceres-binding/0.10-SNAPSHOT/ceres-binding-0.10-SNAPSHOT.jar:/home/tom/.m2/repository/javax/media/jai/jai-core/1.1.3/jai-core-1.1.3.jar:/home/tom/.m2/repository/javax/media/jai/jai-codec/1.1.3/jai-codec-1.1.3.jar:/home/tom/.m2/repository/javax/media/jai/mlibwrapper-jai/1.1.3/mlibwrapper-jai-1.1.3.jar:/home/tom/.m2/repository/com/sun/media/clibwrapper-jiio/1.2-20090918/clibwrapper-jiio-1.2-20090918.jar:/home/tom/.m2/repository/com/bc/ceres/ceres-jai/0.10-SNAPSHOT/ceres-jai-0.10-SNAPSHOT.jar:/home/tom/.m2/repository/jdom/jdom/1.1/jdom-1.1.jar:/home/tom/.m2/repository/rhino/js/1.7R1/js-1.7R1.jar:/home/tom/.m2/repository/com/sun/media/jai-imageio/1.2-20090918/jai-imageio-1.2-20090918.jar:/home/tom/.m2/repository/com/bc/bc-jnn/1.5/bc-jnn-1.5.jar:/home/tom/.m2/repository/Jama/Jama/1.0.2/Jama-1.0.2.jar:/home/tom/.m2/repository/org/geotools/gt-api/2.6.1/gt-api-2.6.1.jar:/home/tom/.m2/repository/com/vividsolutions/jts/1.10/jts-1.10.jar:/home/tom/.m2/repository/org/geotools/gt-referencing/2.6.1/gt-referencing-2.6.1.jar:/home/tom/.m2/repository/java3d/vecmath/1.3.2/vecmath-1.3.2.jar:/home/tom/.m2/repository/org/geotools/gt-metadata/2.6.1/gt-metadata-2.6.1.jar:/home/tom/.m2/repository/org/opengis/geoapi/2.3-M1/geoapi-2.3-M1.jar:/home/tom/.m2/repository/net/java/dev/jsr-275/jsr-275/1.0-beta-2/jsr-275-1.0-beta-2.jar:/home/tom/.m2/repository/org/opengis/geoapi-pending/2.3-M1/geoapi-pending-2.3-M1.jar:/home/tom/.m2/repository/org/geotools/gt-main/2.6.1/gt-main-2.6.1.jar:/home/tom/.m2/repository/commons-beanutils/commons-beanutils/1.7.0/commons-beanutils-1.7.0.jar:/home/tom/.m2/repository/commons-logging/commons-logging/1.0.4/commons-logging-1.0.4.jar:/home/tom/.m2/repository/org/geotools/gt-geotiff/2.6.1/gt-geotiff-2.6.1.jar:/home/tom/.m2/repository/org/geotools/gt-coverage/2.6.1/gt-coverage-2.6.1.jar:/home/tom/.m2/repository/it/geosolutions/imageio-ext/imageio-ext-tiff/1.0.5/imageio-ext-tiff-1.0.5.jar:/home/tom/.m2/repository/it/geosolutions/imageio-ext/imageio-ext-utilities/1.0.5/imageio-ext-utilities-1.0.5.jar:/home/tom/.m2/repository/javax/media/jai_core/1.1.3/jai_core-1.1.3.jar:/home/tom/.m2/repository/javax/media/jai_codec/1.1.3/jai_codec-1.1.3.jar:/home/tom/.m2/repository/javax/media/jai_imageio/1.1/jai_imageio-1.1.jar:/home/tom/.m2/repository/org/geotools/gt-epsg-hsql/2.6.1/gt-epsg-hsql-2.6.1.jar:/home/tom/.m2/repository/hsqldb/hsqldb/1.8.0.7/hsqldb-1.8.0.7.jar:/home/tom/.m2/repository/org/apache/struts/struts-core/1.3.8/struts-core-1.3.8.jar:/home/tom/.m2/repository/antlr/antlr/2.7.2/antlr-2.7.2.jar:/home/tom/.m2/repository/commons-chain/commons-chain/1.1/commons-chain-1.1.jar:/home/tom/.m2/repository/commons-digester/commons-digester/1.8/commons-digester-1.8.jar:/home/tom/.m2/repository/commons-validator/commons-validator/1.3.1/commons-validator-1.3.1.jar:/home/tom/.m2/repository/oro/oro/2.0.8/oro-2.0.8.jar:/home/tom/.m2/repository/javax/servlet/servlet-api/2.5/servlet-api-2.5.jar:/home/tom/.m2/repository/org/esa/beam/beam-ascii-readerwriter/1.1-SNAPSHOT/beam-ascii-readerwriter-1.1-SNAPSHOT.jar:/home/tom/.m2/repository/com/bc/child-gen-N1/1.5.0/child-gen-N1-1.5.0.jar:/home/tom/.m2/repository/mysql/mysql-connector-java/5.1.6/mysql-connector-java-5.1.6.jar:"/>
    <property name="java.vm.specification.version" value="1.0"/>
    <property name="sun.arch.data.model" value="32"/>
    <property name="java.home" value="/opt/jdk1.6.0_14/jre"/>
    <property name="java.specification.vendor" value="Sun Microsystems Inc."/>
    <property name="user.language" value="de"/>
    <property name="java.vm.info" value="mixed mode"/>
    <property name="java.version" value="1.6.0_14"/>
    <property name="java.ext.dirs" value="/opt/jdk1.6.0_14/jre/lib/ext:/usr/java/packages/lib/ext"/>
    <property name="sun.boot.class.path" value="/opt/jdk1.6.0_14/jre/lib/resources.jar:/opt/jdk1.6.0_14/jre/lib/rt.jar:/opt/jdk1.6.0_14/jre/lib/sunrsasign.jar:/opt/jdk1.6.0_14/jre/lib/jsse.jar:/opt/jdk1.6.0_14/jre/lib/jce.jar:/opt/jdk1.6.0_14/jre/lib/charsets.jar:/opt/jdk1.6.0_14/jre/classes"/>
    <property name="java.vendor" value="Sun Microsystems Inc."/>
    <property name="localRepository" value="/home/tom/.m2/repository"/>
    <property name="file.separator" value="/"/>
    <property name="java.vendor.url.bug" value="http://java.sun.com/cgi-bin/bugreport.cgi"/>
    <property name="sun.cpu.endian" value="little"/>
    <property name="sun.io.unicode.encoding" value="UnicodeLittle"/>
    <property name="sun.desktop" value="gnome"/>
    <property name="sun.cpu.isalist" value=""/>
  </properties>
  <testcase time="0.004" classname="com.bc.merci.geochildgen.GeoChildGenTest" name="testPrintUsage"/>
</testsuite>